#
# A fatal error has been detected by the Java Runtime Environment:
#
#  Internal Error (javaClasses.cpp:136), pid=1000, tid=5888
#  fatal error: Invalid layout of preloaded class
#
# JRE version:  (7.0_51-b13) (build )
# Java VM: Java HotSpot(TM) Client VM (24.51-b03 mixed mode windows-x86 )
# Failed to write core dump. Minidumps are not enabled by default on client versions of Windows
#
# If you would like to submit a bug report, please visit:
#   http://bugreport.sun.com/bugreport/crash.jsp
#

---------------  T H R E A D  ---------------

Current thread (0x0252bc00):  JavaThread "Unknown thread" [_thread_in_vm, id=5888, stack(0x02410000,0x02460000)]

Stack: [0x02410000,0x02460000],  sp=0x0245f4ac,  free space=317k
Native frames: (J=compiled Java code, j=interpreted, Vv=VM code, C=native code)
V  [jvm.dll+0x18e0f1]
V  [jvm.dll+0x187e66]
V  [jvm.dll+0x3586a]
V  [jvm.dll+0x358f6]
V  [jvm.dll+0x4400d]
V  [jvm.dll+0x442be]
V  [jvm.dll+0x9263a]
V  [jvm.dll+0x929eb]
V  [jvm.dll+0x13dc51]
V  [jvm.dll+0x16076c]
V  [jvm.dll+0xc8ebf]
C  [javaw.exe+0x13ce]
C  [javaw.exe+0x1e40]
C  [javaw.exe+0xa5b1]
C  [javaw.exe+0xa63b]
C  [KERNEL32.DLL+0x1919f]
C  [ntdll.dll+0x4a8cb]
C  [ntdll.dll+0x4a8a1]


---------------  P R O C E S S  ---------------

Java Threads: ( => current thread )

Other Threads:

=>0x0252bc00 (exited) JavaThread "Unknown thread" [_thread_in_vm, id=5888, stack(0x02410000,0x02460000)]

VM state:not at safepoint (not fully initialized)

VM Mutex/Monitor currently owned by a thread: None

GC Heap History (0 events):
No events

Deoptimization events (0 events):
No events

Internal exceptions (0 events):
No events

Events (10 events):
Event: 0.051 loading class 0x0259ae08 done
Event: 0.051 loading class 0x0259a898 done
Event: 0.051 loading class 0x0259a878
Event: 0.051 loading class 0x025a1ba0
Event: 0.052 loading class 0x025a1ba0 done
Event: 0.052 loading class 0x025a1bd0
Event: 0.052 loading class 0x025a1bd0 done
Event: 0.052 loading class 0x025a1c00
Event: 0.052 loading class 0x025a1c00 done
Event: 0.052 loading class 0x0259a878 done


Dynamic libraries:
0x00890000 - 0x008bf000 	C:\Program Files (x86)\Java\jre7\bin\javaw.exe
0x779f0000 - 0x77b58000 	C:\WINDOWS\SYSTEM32\ntdll.dll
0x77200000 - 0x77340000 	C:\WINDOWS\SYSTEM32\KERNEL32.DLL
0x76600000 - 0x766cf000 	C:\WINDOWS\SYSTEM32\KERNELBASE.dll
0x74480000 - 0x74519000 	C:\WINDOWS\system32\apphelp.dll
0x73060000 - 0x732b9000 	C:\WINDOWS\AppPatch\AcGenral.DLL
0x770d0000 - 0x7718e000 	C:\WINDOWS\SYSTEM32\msvcrt.dll
0x771c0000 - 0x771fe000 	C:\WINDOWS\SYSTEM32\sechost.dll
0x75420000 - 0x7543d000 	C:\WINDOWS\SYSTEM32\SspiCli.dll
0x76840000 - 0x76881000 	C:\WINDOWS\SYSTEM32\SHLWAPI.dll
0x743a0000 - 0x7447b000 	C:\WINDOWS\SYSTEM32\UxTheme.dll
0x76c00000 - 0x76d4f000 	C:\WINDOWS\SYSTEM32\USER32.dll
0x77660000 - 0x77768000 	C:\WINDOWS\SYSTEM32\GDI32.dll
0x74380000 - 0x743a0000 	C:\WINDOWS\SYSTEM32\WINMM.dll
0x74330000 - 0x74342000 	C:\WINDOWS\SYSTEM32\samcli.dll
0x773d0000 - 0x774dc000 	C:\WINDOWS\SYSTEM32\ole32.dll
0x76890000 - 0x76917000 	C:\WINDOWS\SYSTEM32\OLEAUT32.dll
0x74310000 - 0x74325000 	C:\WINDOWS\SYSTEM32\MSACM32.dll
0x74990000 - 0x74998000 	C:\WINDOWS\SYSTEM32\VERSION.dll
0x75440000 - 0x765ed000 	C:\WINDOWS\SYSTEM32\SHELL32.dll
0x734b0000 - 0x734c9000 	C:\WINDOWS\SYSTEM32\USERENV.dll
0x742f0000 - 0x74308000 	C:\WINDOWS\SYSTEM32\dwmapi.dll
0x738b0000 - 0x739d2000 	C:\WINDOWS\SYSTEM32\urlmon.dll
0x76b30000 - 0x76ba8000 	C:\WINDOWS\SYSTEM32\ADVAPI32.dll
0x74290000 - 0x742ee000 	C:\WINDOWS\SYSTEM32\WINSPOOL.DRV
0x74270000 - 0x74284000 	C:\WINDOWS\SYSTEM32\MPR.dll
0x774e0000 - 0x77591000 	C:\WINDOWS\SYSTEM32\RPCRT4.dll
0x75410000 - 0x75419000 	C:\WINDOWS\SYSTEM32\CRYPTBASE.dll
0x766f0000 - 0x7683e000 	C:\WINDOWS\SYSTEM32\combase.dll
0x74250000 - 0x74270000 	C:\WINDOWS\SYSTEM32\WINMMBASE.dll
0x74150000 - 0x7415e000 	C:\WINDOWS\SYSTEM32\profapi.dll
0x73690000 - 0x738a9000 	C:\WINDOWS\SYSTEM32\iertutil.dll
0x734d0000 - 0x7368d000 	C:\WINDOWS\SYSTEM32\WININET.dll
0x753b0000 - 0x75403000 	C:\WINDOWS\SYSTEM32\bcryptPrimitives.dll
0x76bb0000 - 0x76bea000 	C:\WINDOWS\SYSTEM32\cfgmgr32.dll
0x741b0000 - 0x741cf000 	C:\WINDOWS\SYSTEM32\DEVOBJ.dll
0x74520000 - 0x74596000 	C:\WINDOWS\SYSTEM32\SHCORE.DLL
0x77190000 - 0x771b5000 	C:\WINDOWS\system32\IMM32.DLL
0x76f80000 - 0x77077000 	C:\WINDOWS\SYSTEM32\MSCTF.dll
0x722f0000 - 0x724d6000 	C:\WINDOWS\WinSxS\x86_microsoft.windows.common-controls_6595b64144ccf1df_6.0.9600.17031_none_a9efdb8b01377ea7\COMCTL32.dll
0x69380000 - 0x6943f000 	C:\Program Files (x86)\Java\jre7\bin\msvcr100.dll
0x6a770000 - 0x6aaf0000 	C:\Program Files (x86)\Java\jre7\bin\client\jvm.dll
0x72640000 - 0x72648000 	C:\WINDOWS\SYSTEM32\WSOCK32.dll
0x77600000 - 0x77606000 	C:\WINDOWS\SYSTEM32\PSAPI.DLL
0x778d0000 - 0x7791d000 	C:\WINDOWS\SYSTEM32\WS2_32.dll
0x765f0000 - 0x765f7000 	C:\WINDOWS\SYSTEM32\NSI.dll
0x70030000 - 0x7003c000 	C:\Program Files (x86)\Java\jre7\bin\verify.dll
0x6fe60000 - 0x6fe80000 	C:\Program Files (x86)\Java\jre7\bin\java.dll
0x6fdd0000 - 0x6fde3000 	C:\Program Files (x86)\Java\jre7\bin\zip.dll
0x72cd0000 - 0x72e18000 	C:\WINDOWS\SYSTEM32\dbghelp.dll

VM Arguments:
jvm_args: -Dfile.encoding=Cp1252 -Xbootclasspath:C:\Users\manu\android-sdks\platforms\android-19\android.jar 
java_command: com.example.androidmannagg.ParseXML
Launcher Type: SUN_STANDARD

Environment Variables:
PATH=C:/Program Files (x86)/Java/jre7/bin/client;C:/Program Files (x86)/Java/jre7/bin;C:/Program Files (x86)/Java/jre7/lib/i386;C:\Program Files (x86)\Intel\iCLS Client\;C:\Program Files\Intel\iCLS Client\;C:\WINDOWS\system32;C:\WINDOWS;C:\WINDOWS\System32\Wbem;C:\WINDOWS\System32\WindowsPowerShell\v1.0\;C:\Program Files (x86)\Windows Live\Shared;C:\Program Files (x86)\Intel\OpenCL SDK\2.0\bin\x86;C:\Program Files (x86)\Intel\OpenCL SDK\2.0\bin\x64;C:\Program Files\Intel\Intel(R) Management Engine Components\DAL;C:\Program Files\Intel\Intel(R) Management Engine Components\IPT;C:\Program Files (x86)\Intel\Intel(R) Management Engine Components\DAL;C:\Program Files (x86)\Intel\Intel(R) Management Engine Components\IPT;C:\Program Files\MATLAB\R2013a\runtime\win64;C:\Program Files\MATLAB\R2013a\bin;C:\eclipse;
USERNAME=manu
OS=Windows_NT
PROCESSOR_IDENTIFIER=Intel64 Family 6 Model 58 Stepping 9, GenuineIntel



---------------  S Y S T E M  ---------------

OS: Windows 8 , 64 bit Build 9200 

CPU:total 4 (2 cores per cpu, 2 threads per core) family 6 model 58 stepping 9, cmov, cx8, fxsr, mmx, sse, sse2, sse3, ssse3, sse4.1, sse4.2, popcnt, avx, erms, ht, tsc, tscinvbit, tscinv

Memory: 4k page, physical 4091160k(2119404k free), swap 5091580k(2264316k free)

vm_info: Java HotSpot(TM) Client VM (24.51-b03) for windows-x86 JRE (1.7.0_51-b13), built on Dec 18 2013 19:09:58 by "java_re" with unknown MS VC++:1600

time: Tue Jun 10 08:39:39 2014
elapsed time: 0 seconds

